<?xml version="1.0" encoding="UTF-8"?>
<testng-results ignored="0" total="1" passed="1" failed="0" skipped="0">
  <reporter-output>
  </reporter-output>
  <suite started-at="2024-08-03T15:55:00 EET" name="Default suite" finished-at="2024-08-03T15:55:05 EET" duration-ms="5156">
    <groups>
    </groups>
    <test started-at="2024-08-03T15:55:00 EET" name="Default test" finished-at="2024-08-03T15:55:05 EET" duration-ms="5156">
      <class name="UseHTMLPage">
        <test-method is-config="true" signature="setup()[pri:0, instance:UseHTMLPage@44c79f32]" started-at="2024-08-03T15:55:00 EET" name="setup" finished-at="2024-08-03T15:55:01 EET" duration-ms="592" status="PASS">
          <reporter-output>
          </reporter-output>
        </test-method> <!-- setup -->
        <test-method signature="tests()[pri:0, instance:UseHTMLPage@44c79f32]" started-at="2024-08-03T15:55:01 EET" name="tests" finished-at="2024-08-03T15:55:05 EET" duration-ms="4383" status="PASS">
          <reporter-output>
          </reporter-output>
        </test-method> <!-- tests -->
      </class> <!-- UseHTMLPage -->
    </test> <!-- Default test -->
  </suite> <!-- Default suite -->
</testng-results>
