<?xml version="1.0" encoding="UTF-8"?>
<!-- Generated by org.testng.reporters.JUnitXMLReporter -->
<testsuite ignored="1" hostname="DESKTOP-I4FDV2H" failures="0" tests="6" name="Default test" time="14.588" errors="0" timestamp="2024-08-10T01:45:43 EET">
  <testcase classname="CssSelectorMagento" name="menList" time="2.141"/>
  <testcase classname="CssSelectorMagento" name="container" time="2.337"/>
  <testcase classname="CssSelectorMagento" name="selectSize" time="0.906"/>
  <testcase classname="CssSelectorMagento" name="selectColor" time="0.42"/>
  <testcase classname="CssSelectorMagento" name="AddButton" time="0.3"/>
  <testcase classname="CssSelectorMagento" name="SuccessMessage" time="2.434"/>
  <testcase classname="CssSelectorMagento" name="clickByCSSSelector" time="0.0">
    <ignored/>
  </testcase> <!-- clickByCSSSelector -->
</testsuite> <!-- Default test -->
