<?xml version="1.0" encoding="UTF-8"?>
<!-- Generated by org.testng.reporters.JUnitXMLReporter -->
<testsuite ignored="0" hostname="DESKTOP-I4FDV2H" failures="0" tests="3" name="Default test" time="30.764" errors="0" timestamp="2024-08-10T19:48:35 EET">
  <testcase classname="Lesson5Java.MyWebsite" name="parameter" time="9.606"/>
  <testcase classname="Lesson5Java.MyWebsite" name="logout" time="2.037"/>
  <testcase classname="Lesson5Java.MyWebsite" name="login" time="9.486"/>
</testsuite> <!-- Default test -->
