<?xml version="1.0" encoding="UTF-8"?>
<testng-results ignored="0" total="5" passed="5" failed="0" skipped="0">
  <reporter-output>
  </reporter-output>
  <suite started-at="2024-08-05T23:30:13 EET" name="Default suite" finished-at="2024-08-05T23:30:30 EET" duration-ms="16827">
    <groups>
    </groups>
    <test started-at="2024-08-05T23:30:13 EET" name="Default test" finished-at="2024-08-05T23:30:30 EET" duration-ms="16827">
      <class name="domainWithArray">
        <test-method is-config="true" signature="setup()[pri:0, instance:domainWithArray@44c79f32]" started-at="2024-08-05T23:30:13 EET" name="setup" finished-at="2024-08-05T23:30:18 EET" duration-ms="5102" status="PASS">
          <reporter-output>
          </reporter-output>
        </test-method> <!-- setup -->
        <test-method signature="howToUseArrayForDomain()[pri:0, instance:domainWithArray@44c79f32]" started-at="2024-08-05T23:30:19 EET" name="howToUseArrayForDomain" finished-at="2024-08-05T23:30:22 EET" duration-ms="3559" status="PASS">
          <reporter-output>
          </reporter-output>
        </test-method> <!-- howToUseArrayForDomain -->
        <test-method signature="howToUseArrayForDomain()[pri:0, instance:domainWithArray@44c79f32]" started-at="2024-08-05T23:30:22 EET" name="howToUseArrayForDomain" finished-at="2024-08-05T23:30:24 EET" duration-ms="1820" status="PASS">
          <reporter-output>
          </reporter-output>
        </test-method> <!-- howToUseArrayForDomain -->
        <test-method signature="howToUseArrayForDomain()[pri:0, instance:domainWithArray@44c79f32]" started-at="2024-08-05T23:30:24 EET" name="howToUseArrayForDomain" finished-at="2024-08-05T23:30:26 EET" duration-ms="2013" status="PASS">
          <reporter-output>
          </reporter-output>
        </test-method> <!-- howToUseArrayForDomain -->
        <test-method signature="howToUseArrayForDomain()[pri:0, instance:domainWithArray@44c79f32]" started-at="2024-08-05T23:30:26 EET" name="howToUseArrayForDomain" finished-at="2024-08-05T23:30:28 EET" duration-ms="2269" status="PASS">
          <reporter-output>
          </reporter-output>
        </test-method> <!-- howToUseArrayForDomain -->
        <test-method signature="howToUseArrayForDomain()[pri:0, instance:domainWithArray@44c79f32]" started-at="2024-08-05T23:30:28 EET" name="howToUseArrayForDomain" finished-at="2024-08-05T23:30:30 EET" duration-ms="1778" status="PASS">
          <reporter-output>
          </reporter-output>
        </test-method> <!-- howToUseArrayForDomain -->
      </class> <!-- domainWithArray -->
    </test> <!-- Default test -->
  </suite> <!-- Default suite -->
</testng-results>
