<?xml version="1.0" encoding="UTF-8"?>
<!-- Generated by org.testng.reporters.JUnitXMLReporter -->
<testsuite ignored="1" hostname="DESKTOP-I4FDV2H" failures="0" tests="11" name="Default test" time="77.768" errors="0" timestamp="2024-08-23T23:43:59 EET">
  <testcase classname="homePage.TestCases" name="CheckTheLanguage" time="0.612"/>
  <testcase classname="homePage.TestCases" name="CheckTheCurrrency" time="1.701"/>
  <testcase classname="homePage.TestCases" name="CheckContactNumber" time="0.283"/>
  <testcase classname="homePage.TestCases" name="CheckLOGO" time="0.149"/>
  <testcase classname="homePage.TestCases" name="FlightTab" time="0.131"/>
  <testcase classname="homePage.TestCases" name="CheckDates" time="0.191"/>
  <testcase classname="homePage.TestCases" name="ChangeLanguage" time="5.108"/>
  <testcase classname="homePage.TestCases" name="HotelTab2" time="5.849"/>
  <testcase classname="homePage.TestCases" name="randomlySelectRoom" time="19.65"/>
  <testcase classname="homePage.TestCases" name="assertforSearching" time="29.955"/>
  <testcase classname="homePage.TestCases" name="FromLowestToHighestPrice" time="5.449"/>
  <testcase classname="homePage.TestCases" name="HotelTab" time="0.0">
    <ignored/>
  </testcase> <!-- HotelTab -->
</testsuite> <!-- Default test -->
