<?xml version="1.0" encoding="UTF-8"?>
<testng-results ignored="1" total="7" passed="6" failed="0" skipped="0">
  <reporter-output>
  </reporter-output>
  <suite started-at="2024-08-10T01:45:28 EET" name="Default suite" finished-at="2024-08-10T01:45:42 EET" duration-ms="14588">
    <groups>
    </groups>
    <test started-at="2024-08-10T01:45:28 EET" name="Default test" finished-at="2024-08-10T01:45:42 EET" duration-ms="14588">
      <class name="CssSelectorMagento">
        <test-method is-config="true" signature="setup()[pri:0, instance:CssSelectorMagento@649725e3]" started-at="2024-08-10T01:45:28 EET" name="setup" finished-at="2024-08-10T01:45:34 EET" duration-ms="5886" status="PASS">
          <reporter-output>
          </reporter-output>
        </test-method> <!-- setup -->
        <test-method signature="menList()[pri:2, instance:CssSelectorMagento@649725e3]" started-at="2024-08-10T01:45:34 EET" name="menList" finished-at="2024-08-10T01:45:36 EET" duration-ms="2141" status="PASS">
          <reporter-output>
          </reporter-output>
        </test-method> <!-- menList -->
        <test-method signature="container()[pri:3, instance:CssSelectorMagento@649725e3]" started-at="2024-08-10T01:45:36 EET" name="container" finished-at="2024-08-10T01:45:38 EET" duration-ms="2337" status="PASS">
          <reporter-output>
          </reporter-output>
        </test-method> <!-- container -->
        <test-method signature="selectSize()[pri:4, instance:CssSelectorMagento@649725e3]" started-at="2024-08-10T01:45:38 EET" name="selectSize" finished-at="2024-08-10T01:45:39 EET" duration-ms="906" status="PASS">
          <reporter-output>
          </reporter-output>
        </test-method> <!-- selectSize -->
        <test-method signature="selectColor()[pri:5, instance:CssSelectorMagento@649725e3]" started-at="2024-08-10T01:45:39 EET" name="selectColor" finished-at="2024-08-10T01:45:40 EET" duration-ms="420" status="PASS">
          <reporter-output>
          </reporter-output>
        </test-method> <!-- selectColor -->
        <test-method signature="AddButton()[pri:6, instance:CssSelectorMagento@649725e3]" started-at="2024-08-10T01:45:40 EET" name="AddButton" finished-at="2024-08-10T01:45:40 EET" duration-ms="300" status="PASS">
          <reporter-output>
          </reporter-output>
        </test-method> <!-- AddButton -->
        <test-method signature="SuccessMessage()[pri:7, instance:CssSelectorMagento@649725e3]" started-at="2024-08-10T01:45:40 EET" name="SuccessMessage" finished-at="2024-08-10T01:45:42 EET" duration-ms="2434" status="PASS">
          <reporter-output>
          </reporter-output>
        </test-method> <!-- SuccessMessage -->
      </class> <!-- CssSelectorMagento -->
    </test> <!-- Default test -->
  </suite> <!-- Default suite -->
</testng-results>
