<?xml version="1.0" encoding="UTF-8"?>
<!-- Generated by org.testng.reporters.JUnitXMLReporter -->
<testsuite ignored="0" hostname="DESKTOP-I4FDV2H" failures="0" tests="5" name="Default test" time="16.827" errors="0" timestamp="2024-08-05T23:30:30 EET">
  <testcase classname="domainWithArray" name="howToUseArrayForDomain" time="3.559"/>
  <testcase classname="domainWithArray" name="howToUseArrayForDomain" time="1.82"/>
  <testcase classname="domainWithArray" name="howToUseArrayForDomain" time="2.013"/>
  <testcase classname="domainWithArray" name="howToUseArrayForDomain" time="2.269"/>
  <testcase classname="domainWithArray" name="howToUseArrayForDomain" time="1.778"/>
</testsuite> <!-- Default test -->
