<?xml version="1.0" encoding="UTF-8"?>
<testng-results ignored="0" total="3" passed="3" failed="0" skipped="0">
  <reporter-output>
  </reporter-output>
  <suite started-at="2024-08-10T19:48:04 EET" name="Default suite" finished-at="2024-08-10T19:48:35 EET" duration-ms="30764">
    <groups>
    </groups>
    <test started-at="2024-08-10T19:48:04 EET" name="Default test" finished-at="2024-08-10T19:48:35 EET" duration-ms="30764">
      <class name="Lesson5Java.MyWebsite">
        <test-method is-config="true" signature="setup()[pri:0, instance:Lesson5Java.MyWebsite@235f4c10]" started-at="2024-08-10T19:48:04 EET" name="setup" finished-at="2024-08-10T19:48:14 EET" duration-ms="9535" status="PASS">
          <reporter-output>
          </reporter-output>
        </test-method> <!-- setup -->
        <test-method signature="parameter()[pri:0, instance:Lesson5Java.MyWebsite@235f4c10]" started-at="2024-08-10T19:48:14 EET" name="parameter" finished-at="2024-08-10T19:48:24 EET" duration-ms="9606" status="PASS">
          <reporter-output>
          </reporter-output>
        </test-method> <!-- parameter -->
        <test-method signature="logout()[pri:2, instance:Lesson5Java.MyWebsite@235f4c10]" started-at="2024-08-10T19:48:24 EET" name="logout" finished-at="2024-08-10T19:48:26 EET" duration-ms="2037" status="PASS">
          <reporter-output>
          </reporter-output>
        </test-method> <!-- logout -->
        <test-method signature="login()[pri:3, instance:Lesson5Java.MyWebsite@235f4c10]" started-at="2024-08-10T19:48:26 EET" name="login" finished-at="2024-08-10T19:48:35 EET" duration-ms="9486" status="PASS">
          <reporter-output>
          </reporter-output>
        </test-method> <!-- login -->
      </class> <!-- Lesson5Java.MyWebsite -->
    </test> <!-- Default test -->
  </suite> <!-- Default suite -->
</testng-results>
