<?xml version="1.0" encoding="UTF-8"?>
<testng-results ignored="1" total="12" passed="11" failed="0" skipped="0">
  <reporter-output>
  </reporter-output>
  <suite started-at="2024-08-23T23:42:41 EET" name="Default suite" finished-at="2024-08-23T23:43:59 EET" duration-ms="77768">
    <groups>
    </groups>
    <test started-at="2024-08-23T23:42:41 EET" name="Default test" finished-at="2024-08-23T23:43:59 EET" duration-ms="77768">
      <class name="homePage.TestCases">
        <test-method is-config="true" signature="setup()[pri:0, instance:homePage.TestCases@4eed46ee]" started-at="2024-08-23T23:42:41 EET" name="setup" finished-at="2024-08-23T23:42:50 EET" duration-ms="8383" status="PASS">
          <reporter-output>
          </reporter-output>
        </test-method> <!-- setup -->
        <test-method signature="CheckTheLanguage()[pri:1, instance:homePage.TestCases@4eed46ee]" started-at="2024-08-23T23:42:50 EET" name="CheckTheLanguage" finished-at="2024-08-23T23:42:50 EET" duration-ms="612" status="PASS">
          <reporter-output>
          </reporter-output>
        </test-method> <!-- CheckTheLanguage -->
        <test-method signature="CheckTheCurrrency()[pri:2, instance:homePage.TestCases@4eed46ee]" started-at="2024-08-23T23:42:51 EET" name="CheckTheCurrrency" finished-at="2024-08-23T23:42:52 EET" duration-ms="1701" status="PASS">
          <reporter-output>
          </reporter-output>
        </test-method> <!-- CheckTheCurrrency -->
        <test-method signature="CheckContactNumber()[pri:3, instance:homePage.TestCases@4eed46ee]" started-at="2024-08-23T23:42:52 EET" name="CheckContactNumber" finished-at="2024-08-23T23:42:53 EET" duration-ms="283" status="PASS">
          <reporter-output>
          </reporter-output>
        </test-method> <!-- CheckContactNumber -->
        <test-method signature="CheckLOGO()[pri:4, instance:homePage.TestCases@4eed46ee]" started-at="2024-08-23T23:42:53 EET" name="CheckLOGO" finished-at="2024-08-23T23:42:53 EET" duration-ms="149" status="PASS">
          <reporter-output>
          </reporter-output>
        </test-method> <!-- CheckLOGO -->
        <test-method signature="FlightTab()[pri:5, instance:homePage.TestCases@4eed46ee]" started-at="2024-08-23T23:42:53 EET" name="FlightTab" finished-at="2024-08-23T23:42:53 EET" duration-ms="131" status="PASS">
          <reporter-output>
          </reporter-output>
        </test-method> <!-- FlightTab -->
        <test-method signature="CheckDates()[pri:6, instance:homePage.TestCases@4eed46ee]" started-at="2024-08-23T23:42:53 EET" name="CheckDates" finished-at="2024-08-23T23:42:53 EET" duration-ms="191" status="PASS">
          <reporter-output>
          </reporter-output>
        </test-method> <!-- CheckDates -->
        <test-method signature="ChangeLanguage()[pri:7, instance:homePage.TestCases@4eed46ee]" started-at="2024-08-23T23:42:53 EET" name="ChangeLanguage" finished-at="2024-08-23T23:42:58 EET" duration-ms="5108" status="PASS">
          <reporter-output>
          </reporter-output>
        </test-method> <!-- ChangeLanguage -->
        <test-method signature="HotelTab2()[pri:8, instance:homePage.TestCases@4eed46ee]" started-at="2024-08-23T23:42:58 EET" name="HotelTab2" finished-at="2024-08-23T23:43:04 EET" duration-ms="5849" status="PASS">
          <reporter-output>
          </reporter-output>
        </test-method> <!-- HotelTab2 -->
        <test-method signature="randomlySelectRoom()[pri:9, instance:homePage.TestCases@4eed46ee]" started-at="2024-08-23T23:43:04 EET" name="randomlySelectRoom" finished-at="2024-08-23T23:43:24 EET" duration-ms="19650" status="PASS">
          <reporter-output>
          </reporter-output>
        </test-method> <!-- randomlySelectRoom -->
        <test-method signature="assertforSearching()[pri:10, instance:homePage.TestCases@4eed46ee]" started-at="2024-08-23T23:43:24 EET" name="assertforSearching" finished-at="2024-08-23T23:43:54 EET" duration-ms="29955" status="PASS">
          <reporter-output>
          </reporter-output>
        </test-method> <!-- assertforSearching -->
        <test-method signature="FromLowestToHighestPrice()[pri:11, instance:homePage.TestCases@4eed46ee]" started-at="2024-08-23T23:43:54 EET" name="FromLowestToHighestPrice" finished-at="2024-08-23T23:43:59 EET" duration-ms="5449" status="PASS">
          <reporter-output>
          </reporter-output>
        </test-method> <!-- FromLowestToHighestPrice -->
      </class> <!-- homePage.TestCases -->
    </test> <!-- Default test -->
  </suite> <!-- Default suite -->
</testng-results>
